<?xml version="1.0" encoding="UTF-8"?>
<!-- Generated by org.testng.reporters.JUnitXMLReporter -->
<testsuite ignored="0" hostname="Hari" failures="0" tests="7" name="Default test" time="5.256" errors="0" timestamp="2024-07-08T15:09:20 IST">
  <testcase classname="getAPIs.RA_02_GETAPIRequestWithBDDTest" name="getProductsTest" time="2.45"/>
  <testcase classname="getAPIs.RA_02_GETAPIRequestWithBDDTest" name="getUserAPITest" time="0.321"/>
  <testcase classname="getAPIs.RA_02_GETAPIRequestWithBDDTest" name="getProductDataAPIWithQueryParamTest" time="0.386"/>
  <testcase classname="getAPIs.RA_02_GETAPIRequestWithBDDTest" name="getProductDataAPIWith_Extract_Body" time="0.645"/>
  <testcase classname="getAPIs.RA_02_GETAPIRequestWithBDDTest" name="getProductDataAPIWith_Extract_Body_withArray" time="0.415"/>
  <testcase classname="getAPIs.RA_02_GETAPIRequestWithBDDTest" name="getUserAPIWith_Extract_Body_withJson" time="0.31"/>
  <testcase classname="getAPIs.RA_02_GETAPIRequestWithBDDTest" name="getUserAPIWith_Extract_Body_withJson_Extract" time="0.229"/>
</testsuite> <!-- Default test -->
