<?xml version="1.0" encoding="UTF-8"?>
<!-- Generated by org.testng.reporters.JUnitXMLReporter -->
<testsuite ignored="0" hostname="Hari" failures="0" tests="7" name="Default test" time="6.484" errors="0" timestamp="2024-07-09T16:50:06 IST">
  <testcase classname="_01_getAPIs.RA_02_GETAPIRequestWithBDDTest" name="getProductsTest" time="2.456"/>
  <testcase classname="_01_getAPIs.RA_02_GETAPIRequestWithBDDTest" name="getUserAPITest" time="0.552"/>
  <testcase classname="_01_getAPIs.RA_02_GETAPIRequestWithBDDTest" name="getProductDataAPIWithQueryParamTest" time="0.526"/>
  <testcase classname="_01_getAPIs.RA_02_GETAPIRequestWithBDDTest" name="getProductDataAPIWith_Extract_Body" time="0.723"/>
  <testcase classname="_01_getAPIs.RA_02_GETAPIRequestWithBDDTest" name="getProductDataAPIWith_Extract_Body_withArray" time="0.723"/>
  <testcase classname="_01_getAPIs.RA_02_GETAPIRequestWithBDDTest" name="getUserAPIWith_Extract_Body_withJson" time="0.476"/>
  <testcase classname="_01_getAPIs.RA_02_GETAPIRequestWithBDDTest" name="getUserAPIWith_Extract_Body_withJson_Extract" time="0.478"/>
</testsuite> <!-- Default test -->
