<?xml version="1.0" encoding="UTF-8"?>
<testng-results ignored="0" total="6" passed="6" failed="0" skipped="0">
  <reporter-output>
  </reporter-output>
  <suite started-at="2024-07-08T20:36:33 IST" name="Default suite" finished-at="2024-07-08T20:36:45 IST" duration-ms="12775">
    <groups>
    </groups>
    <test started-at="2024-07-08T20:36:33 IST" name="Default test" finished-at="2024-07-08T20:36:45 IST" duration-ms="12775">
      <class name="authAPIs.RA_08_AuthTest">
        <test-method signature="jwtAuthTest()[pri:1, instance:authAPIs.RA_08_AuthTest@740fb309]" started-at="2024-07-08T20:36:33 IST" name="jwtAuthTest" finished-at="2024-07-08T20:36:38 IST" duration-ms="5216" status="PASS">
          <reporter-output>
          </reporter-output>
        </test-method> <!-- jwtAuthTest -->
        <test-method signature="basicAuthTest()[pri:2, instance:authAPIs.RA_08_AuthTest@740fb309]" started-at="2024-07-08T20:36:38 IST" name="basicAuthTest" finished-at="2024-07-08T20:36:40 IST" duration-ms="2061" status="PASS">
          <reporter-output>
          </reporter-output>
        </test-method> <!-- basicAuthTest -->
        <test-method signature="preemptiveAuthTest()[pri:3, instance:authAPIs.RA_08_AuthTest@740fb309]" started-at="2024-07-08T20:36:40 IST" name="preemptiveAuthTest" finished-at="2024-07-08T20:36:42 IST" duration-ms="1597" status="PASS">
          <reporter-output>
          </reporter-output>
        </test-method> <!-- preemptiveAuthTest -->
        <test-method signature="digestAuthTest()[pri:4, instance:authAPIs.RA_08_AuthTest@740fb309]" started-at="2024-07-08T20:36:42 IST" name="digestAuthTest" finished-at="2024-07-08T20:36:44 IST" duration-ms="2035" status="PASS">
          <reporter-output>
          </reporter-output>
        </test-method> <!-- digestAuthTest -->
        <test-method signature="getAccessToken()[pri:5, instance:authAPIs.RA_08_AuthTest@740fb309]" started-at="2024-07-08T20:36:44 IST" name="getAccessToken" finished-at="2024-07-08T20:36:45 IST" duration-ms="1565" status="PASS">
          <reporter-output>
          </reporter-output>
        </test-method> <!-- getAccessToken -->
        <test-method signature="apiKeyAuthTest()[pri:6, instance:authAPIs.RA_08_AuthTest@740fb309]" started-at="2024-07-08T20:36:45 IST" name="apiKeyAuthTest" finished-at="2024-07-08T20:36:45 IST" duration-ms="184" status="PASS">
          <reporter-output>
          </reporter-output>
        </test-method> <!-- apiKeyAuthTest -->
      </class> <!-- authAPIs.RA_08_AuthTest -->
    </test> <!-- Default test -->
  </suite> <!-- Default suite -->
</testng-results>
